<?xml version="1.0" encoding="UTF-8"?>
<!-- Generated by org.testng.reporters.JUnitXMLReporter -->
<testsuite ignored="0" hostname="Lenovo" failures="0" tests="7" name="Default test" time="29.686" errors="0" timestamp="2023-10-14T00:43:24 IST">
  <testcase classname="org.test.TestClass" name="tc01" time="7.281"/>
  <testcase classname="org.test.TestClass" name="tc02" time="3.85"/>
  <testcase classname="org.test.TestClass" name="tc03" time="2.846"/>
  <testcase classname="org.test.TestClass" name="tc04" time="5.524"/>
  <testcase classname="org.test.TestClass" name="tc05" time="2.041"/>
  <testcase classname="org.test.TestClass" name="tc06" time="4.684"/>
  <testcase classname="org.test.TestClass" name="tc07" time="3.115"/>
</testsuite> <!-- Default test -->
