<?xml version="1.0" encoding="UTF-8"?>
<testng-results ignored="0" total="7" passed="7" failed="0" skipped="0">
  <reporter-output>
  </reporter-output>
  <suite started-at="2023-10-14T12:15:27 IST" name="Suite" finished-at="2023-10-14T12:15:57 IST" duration-ms="30049">
    <groups>
    </groups>
    <test started-at="2023-10-14T12:15:27 IST" name="Test" finished-at="2023-10-14T12:15:57 IST" duration-ms="30049">
      <class name="org.test.TestClass">
        <test-method signature="tc01(java.lang.String)[pri:1, instance:org.test.TestClass@3932c79a]" started-at="2023-10-14T12:15:27 IST" name="tc01" finished-at="2023-10-14T12:15:35 IST" duration-ms="7446" status="PASS">
          <params>
            <param index="0">
              <value>
                <![CDATA[Chrome]]>
              </value>
            </param>
          </params>
          <reporter-output>
          </reporter-output>
        </test-method> <!-- tc01 -->
        <test-method signature="tc02()[pri:2, instance:org.test.TestClass@3932c79a]" started-at="2023-10-14T12:15:35 IST" name="tc02" finished-at="2023-10-14T12:15:39 IST" duration-ms="4616" status="PASS">
          <reporter-output>
          </reporter-output>
        </test-method> <!-- tc02 -->
        <test-method signature="tc03()[pri:3, instance:org.test.TestClass@3932c79a]" started-at="2023-10-14T12:15:39 IST" name="tc03" finished-at="2023-10-14T12:15:42 IST" duration-ms="2574" status="PASS">
          <reporter-output>
          </reporter-output>
        </test-method> <!-- tc03 -->
        <test-method signature="tc04()[pri:4, instance:org.test.TestClass@3932c79a]" started-at="2023-10-14T12:15:42 IST" name="tc04" finished-at="2023-10-14T12:15:48 IST" duration-ms="5608" status="PASS">
          <reporter-output>
          </reporter-output>
        </test-method> <!-- tc04 -->
        <test-method signature="tc05()[pri:5, instance:org.test.TestClass@3932c79a]" started-at="2023-10-14T12:15:48 IST" name="tc05" finished-at="2023-10-14T12:15:49 IST" duration-ms="1708" status="PASS">
          <reporter-output>
          </reporter-output>
        </test-method> <!-- tc05 -->
        <test-method signature="tc06()[pri:6, instance:org.test.TestClass@3932c79a]" started-at="2023-10-14T12:15:49 IST" name="tc06" finished-at="2023-10-14T12:15:54 IST" duration-ms="4551" status="PASS">
          <reporter-output>
          </reporter-output>
        </test-method> <!-- tc06 -->
        <test-method signature="tc07()[pri:7, instance:org.test.TestClass@3932c79a]" started-at="2023-10-14T12:15:54 IST" name="tc07" finished-at="2023-10-14T12:15:57 IST" duration-ms="3117" status="PASS">
          <reporter-output>
          </reporter-output>
        </test-method> <!-- tc07 -->
      </class> <!-- org.test.TestClass -->
    </test> <!-- Test -->
  </suite> <!-- Suite -->
</testng-results>
